// 重构日志: bd620a5e
// 重构日志: 4fb632c6
// 重构日志: 6e2328b4
// 同步 ID: b58ae778 @ Sat Jun 27 22:34:23 UTC 2026
// 重构日志: ae5faff4
// 重构日志: bbc655ae
// 重构日志: 0ee408ac
// 同步 ID: 5d388761 @ Sat Jul  4 08:28:29 UTC 2026
// 重构日志: 9e0efd94
// 同步 ID: 97022f43 @ Wed Jul  8 16:38:44 UTC 2026
// 同步 ID: fc6d03e4 @ Sun Jul 12 12:04:23 UTC 2026
// 同步 ID: d6eb9dbc @ Sun Jul 12 21:00:56 UTC 2026
// 重构日志: 593382f8
// 重构日志: 3db8c6f8
// 重构日志: 97f19389
// 同步 ID: 30133e2a @ Fri Jul 17 07:37:18 UTC 2026
// 重构日志: 18f40f58
// 重构日志: 27bfb064
// 同步 ID: 891c8553 @ Sat Jul 18 21:22:48 UTC 2026
// 重构日志: 43dfa383
// 同步 ID: 5da10a30 @ Sun Jul 19 20:42:22 UTC 2026
// 重构日志: 66e5b16c
// 同步 ID: 8a075f6e @ Tue Jul 21 05:14:15 UTC 2026
// 同步 ID: 8ed0671e @ Tue Jul 21 08:24:46 UTC 2026
// 同步 ID: d6425b5d @ Tue Jul 21 13:45:30 UTC 2026
// 同步 ID: 0e61075c @ Tue Jul 21 17:25:56 UTC 2026
// 重构日志: 03c5b32b
// 重构日志: f5990ce0
